<?xml version="1.0" encoding="utf-8"?><testsuites name="pytest tests"><testsuite name="pytest" errors="0" failures="1" skipped="0" tests="10" time="8.327" timestamp="2026-09-20T18:31:32.593057+00:00" hostname="agent-env-18f17874-0f90-4e34-99c5-913aedff71c5"><testcase classname="tests.test_iter2_features" name="test_coding_list_has_seeded" time="1.394" /><testcase classname="tests.test_iter2_features" name="test_coding_get_problem" time="0.133" /><testcase classname="tests.test_iter2_features" name="test_coding_wrong_answer" time="0.187" /><testcase classname="tests.test_iter2_features" name="test_coding_accepted_awards_xp" time="0.810" /><testcase classname="tests.test_iter2_features" name="test_coding_leaderboard" time="0.151" /><testcase classname="tests.test_iter2_features" name="test_projects_create_list_vote" time="1.000" /><testcase classname="tests.test_iter2_features" name="test_debates_flow" time="0.954" /><testcase classname="tests.test_iter2_features" name="test_certificates_competition_and_event" time="2.129" /><testcase classname="tests.test_iter2_features" name="test_book_upload_still_works" time="0.739" /><testcase classname="tests.test_iter2_features" name="test_ws_notifications_requires_token" time="0.277"><failure message="Failed: WS connected without token — expected 1008 close">backend/tests/test_iter2_features.py:254: in test_ws_notifications_requires_token
    pytest.fail("WS connected without token — expected 1008 close")
E   Failed: WS connected without token — expected 1008 close</failure></testcase></testsuite></testsuites>