<?xml version="1.0" encoding="utf-8"?><testsuites name="pytest tests"><testsuite name="pytest" errors="0" failures="0" skipped="0" tests="31" time="15.283" timestamp="2026-09-20T18:10:32.034012+00:00" hostname="agent-env-18f17874-0f90-4e34-99c5-913aedff71c5"><testcase classname="tests.backend_test" name="test_health" time="0.347" /><testcase classname="tests.backend_test" name="test_public_stats" time="0.155" /><testcase classname="tests.backend_test" name="test_governorates_list" time="0.212" /><testcase classname="tests.backend_test" name="test_directorates_and_schools" time="0.384" /><testcase classname="tests.backend_test" name="test_admin_login" time="0.395" /><testcase classname="tests.backend_test" name="test_student_register" time="0.760" /><testcase classname="tests.backend_test" name="test_auth_me" time="0.133" /><testcase classname="tests.backend_test" name="test_dashboard" time="0.190" /><testcase classname="tests.backend_test" name="test_list_books" time="0.148" /><testcase classname="tests.backend_test" name="test_book_detail_and_views" time="0.271" /><testcase classname="tests.backend_test" name="test_book_favorite_toggle" time="0.438" /><testcase classname="tests.backend_test" name="test_book_progress_awards_xp" time="0.595" /><testcase classname="tests.backend_test" name="test_book_review" time="0.313" /><testcase classname="tests.backend_test" name="test_book_recommendations" time="0.146" /><testcase classname="tests.backend_test" name="test_daily_checkin" time="0.761" /><testcase classname="tests.backend_test" name="test_clubs_list_and_join" time="0.660" /><testcase classname="tests.backend_test" name="test_discussion_flow" time="1.011" /><testcase classname="tests.backend_test" name="test_chess_quick_match" time="0.895" /><testcase classname="tests.backend_test" name="test_chess_leaderboard" time="0.129" /><testcase classname="tests.backend_test" name="test_chess_players" time="0.154" /><testcase classname="tests.backend_test" name="test_admin_create_event_and_register" time="1.107" /><testcase classname="tests.backend_test" name="test_competition_full_flow" time="0.736" /><testcase classname="tests.backend_test" name="test_leaderboards" time="1.006" /><testcase classname="tests.backend_test" name="test_book_upload_and_approve" time="0.838" /><testcase classname="tests.backend_test" name="test_notifications" time="0.656" /><testcase classname="tests.backend_test" name="test_search" time="0.145" /><testcase classname="tests.backend_test" name="test_admin_endpoints" time="0.767" /><testcase classname="tests.backend_test" name="test_admin_broadcast" time="0.169" /><testcase classname="tests.backend_test" name="test_admin_role_change" time="0.437" /><testcase classname="tests.backend_test" name="test_rbac_student_forbidden" time="0.424" /><testcase classname="tests.backend_test" name="test_unauth_endpoints" time="0.311" /></testsuite></testsuites>